2022.10.26 09:28:11: Saved 1 teachers data
2022.10.26 09:28:11: Added Thomas Anderson Teacher
2022.10.26 09:28:11: Saved 2 teachers data
2022.10.26 09:28:11: Added Han Solo Teacher
2022.10.26 09:28:11: Saved 3 teachers data
2022.10.26 09:28:11: Added Princess Leia Teacher
2022.10.26 09:28:11: Saved 4 teachers data
2022.10.26 09:28:11: Added Severus Snape Teacher
2022.10.26 09:28:11: Saved 5 teachers data
2022.10.26 09:28:11: Added Dolores Umbridge Teacher
2022.10.26 09:28:11: Added Peter Pan Student to class class 1A, profile humane
2022.10.26 09:28:11: Added Anna Shirley Student to class class 1A, profile humane
2022.10.26 09:28:11: Added Harry Potter Student to class class 1A, profile humane
2022.10.26 09:28:11: Added Ron Weasley Student to class class 1A, profile humane
2022.10.26 09:28:11: Added term of subject Math on MONDAY at 10:30, 45 min to subject Math
2022.10.26 09:28:11: Added term of subject Math on THURSDAY at 12:50, 45 min to subject Math
2022.10.26 09:28:11: Added subject Math to class 1A, profile humane
2022.10.26 09:28:11: Added term of subject English on MONDAY at 12:00, 45 min to subject English
2022.10.26 09:28:11: Added term of subject English on TUESDAY at 11:00, 45 min to subject English
2022.10.26 09:28:11: Added term of subject English on WEDNESDAY at 10:30, 45 min to subject English
2022.10.26 09:28:11: Added term of subject English on THURSDAY at 11:00, 45 min to subject English
2022.10.26 09:28:11: Added subject English to class 1A, profile humane
2022.10.26 09:28:11: Added term of subject Computer Science on TUESDAY at 09:00, 45 min to subject Computer Science
2022.10.26 09:28:11: Added subject Computer Science to class 1A, profile humane
2022.10.26 09:28:11: Added term of subject Chemistry on WEDNESDAY at 11:30, 45 min to subject Chemistry
2022.10.26 09:28:11: Added subject Chemistry to class 1A, profile humane
2022.10.26 09:28:11: Added term of subject Potions on FRIDAY at 09:00, 90 min to subject Potions
2022.10.26 09:28:11: Added subject Potions to class 1A, profile humane
2022.10.26 09:28:11: Added term of subject Black Magic Defense on FRIDAY at 12:30, 90 min to subject Black Magic Defense
2022.10.26 09:28:11: Added subject Black Magic Defense to class 1A, profile humane
2022.10.26 09:28:11: Saved 1 classes data
2022.10.26 09:28:11: Added class 1A, profile humane
2022.10.26 09:28:16: Loaded 5 teachers data
2022.10.26 09:28:16: Loaded 1 classes data
2022.10.26 09:28:19: Loaded 5 teachers data
2022.10.26 09:28:19: Loaded 1 classes data
2022.10.26 09:28:23: Loaded 5 teachers data
2022.10.26 09:28:23: Loaded 1 classes data
